error: this opening tag has no corresponding closing tag
  --> $DIR/html-component-fail.rs:60:13
   |
60 |     html! { <Child> };
   |             ^^^^^^^

error: unexpected end of input, expected identifier
  --> $DIR/html-component-fail.rs:61:13
   |
61 |     html! { <Child:: /> };
   |             ^^^^^^^^^^^

error: expected expression following this `with`
  --> $DIR/html-component-fail.rs:62:20
   |
62 |     html! { <Child with /> };
   |                    ^^^^

error: `props` doesn't have a value. (hint: set the value to `true` or `false` for boolean attributes)
  --> $DIR/html-component-fail.rs:63:20
   |
63 |     html! { <Child props /> };
   |                    ^^^^^

error: this opening tag has no corresponding closing tag
  --> $DIR/html-component-fail.rs:64:13
   |
64 |     html! { <Child with props > };
   |             ^^^^^^^^^^^^^^^^^^^

error: `ref` can only be set once
  --> $DIR/html-component-fail.rs:65:38
   |
65 |     html! { <Child with props ref=() ref=() /> };
   |                                      ^^^

error: `ref` can only be set once
  --> $DIR/html-component-fail.rs:66:38
   |
66 |     html! { <Child with props ref=() ref=() value=1 /> };
   |                                      ^^^

error: Using the `with props` syntax in combination with named props is not allowed (note: this does not apply to special props like `ref` and `key`)
  --> $DIR/html-component-fail.rs:67:38
   |
67 |     html! { <Child with props ref=() value=1 ref=() /> };
   |                                      ^^^^^

error: Using the `with props` syntax in combination with named props is not allowed (note: this does not apply to special props like `ref` and `key`)
  --> $DIR/html-component-fail.rs:68:31
   |
68 |     html! { <Child with props value=1 ref=()  ref=() /> };
   |                               ^^^^^

error: Using the `with props` syntax in combination with named props is not allowed (note: this does not apply to special props like `ref` and `key`)
  --> $DIR/html-component-fail.rs:69:20
   |
69 |     html! { <Child value=1 with props  ref=()  ref=() /> };
   |                    ^^^^^

error: Using the `with props` syntax in combination with named props is not allowed (note: this does not apply to special props like `ref` and `key`)
  --> $DIR/html-component-fail.rs:70:20
   |
70 |     html! { <Child value=1 ref=() with props ref=() /> };
   |                    ^^^^^

error: `ref` can only be set once
  --> $DIR/html-component-fail.rs:71:27
   |
71 |     html! { <Child ref=() ref=() value=1  with props  /> };
   |                           ^^^

error: Using the `with props` syntax in combination with named props is not allowed (note: this does not apply to special props like `ref` and `key`)
  --> $DIR/html-component-fail.rs:73:20
   |
73 |     html! { <Child value=1 with props /> };
   |                    ^^^^^

error: Using the `with props` syntax in combination with named props is not allowed (note: this does not apply to special props like `ref` and `key`)
  --> $DIR/html-component-fail.rs:74:31
   |
74 |     html! { <Child with props value=1 /> };
   |                               ^^^^^

error: expected identifier, found keyword `type`
  --> $DIR/html-component-fail.rs:75:20
   |
75 |     html! { <Child type=0 /> };
   |                    ^^^^ expected identifier, found keyword
   |
help: you can escape reserved keywords to use them as identifiers
   |
75 |     html! { <Child r#type=0 /> };
   |                    ^^^^^^

error: expected a valid Rust identifier
  --> $DIR/html-component-fail.rs:76:20
   |
76 |     html! { <Child invalid-prop-name=0 /> };
   |                    ^^^^^^^^^^^^^^^^^

error: expected an expression following this equals sign
  --> $DIR/html-component-fail.rs:78:26
   |
78 |     html! { <Child string= /> };
   |                          ^

error: `int` can only be specified once but is given here again
  --> $DIR/html-component-fail.rs:79:26
   |
79 |     html! { <Child int=1 int=2 int=3 /> };
   |                          ^^^

error: `int` can only be specified once but is given here again
  --> $DIR/html-component-fail.rs:79:32
   |
79 |     html! { <Child int=1 int=2 int=3 /> };
   |                                ^^^

error: `ref` can only be specified once
  --> $DIR/html-component-fail.rs:84:26
   |
84 |     html! { <Child int=1 ref=() ref=() /> };
   |                          ^^^

error: this closing tag has no corresponding opening tag
  --> $DIR/html-component-fail.rs:87:13
   |
87 |     html! { </Child> };
   |             ^^^^^^^^

error: this opening tag has no corresponding closing tag
  --> $DIR/html-component-fail.rs:88:13
   |
88 |     html! { <Child><Child></Child> };
   |             ^^^^^^^

error: only one root html element is allowed (hint: you can wrap multiple html elements in a fragment `<></>`)
  --> $DIR/html-component-fail.rs:89:28
   |
89 |     html! { <Child></Child><Child></Child> };
   |                            ^^^^^^^^^^^^^^^

error: cannot specify the `children` prop when the component already has children
   --> $DIR/html-component-fail.rs:108:25
    |
108 |         <ChildContainer children=children>
    |                         ^^^^^^^^

error: this closing tag has no corresponding opening tag
   --> $DIR/html-component-fail.rs:113:30
    |
113 |     html! { <Generic<String>></Generic> };
    |                              ^^^^^^^^^^

error: this closing tag has no corresponding opening tag
   --> $DIR/html-component-fail.rs:114:30
    |
114 |     html! { <Generic<String>></Generic<Vec<String>>> };
    |                              ^^^^^^^^^^^^^^^^^^^^^^^

error: only one root html element is allowed (hint: you can wrap multiple html elements in a fragment `<></>`)
   --> $DIR/html-component-fail.rs:118:9
    |
118 |         <span>{ 2 }</span>
    |         ^^^^^^^^^^^^^^^^^^

error: optional attributes are only supported on elements. Components can use `Option<T>` properties to accomplish the same thing.
   --> $DIR/html-component-fail.rs:121:28
    |
121 |     html! { <TestComponent value?="not_supported" /> };
    |                            ^^^^^

error[E0425]: cannot find value `blah` in this scope
  --> $DIR/html-component-fail.rs:72:25
   |
72 |     html! { <Child with blah /> };
   |                         ^^^^ not found in this scope

error[E0609]: no field `r#type` on type `ChildProperties`
  --> $DIR/html-component-fail.rs:75:20
   |
75 |     html! { <Child type=0 /> };
   |                    ^^^^ unknown field
   |
   = note: available fields are: `string`, `int`

error[E0599]: no method named `r#type` found for struct `ChildPropertiesBuilder<ChildPropertiesBuilderStep_missing_required_prop_int>` in the current scope
  --> $DIR/html-component-fail.rs:75:20
   |
5  | #[derive(Clone, Properties, PartialEq)]
   |                 ---------- method `r#type` not found for this
...
75 |     html! { <Child type=0 /> };
   |                    ^^^^ method not found in `ChildPropertiesBuilder<ChildPropertiesBuilderStep_missing_required_prop_int>`

error[E0609]: no field `unknown` on type `ChildProperties`
  --> $DIR/html-component-fail.rs:77:20
   |
77 |     html! { <Child unknown="unknown" /> };
   |                    ^^^^^^^ unknown field
   |
   = note: available fields are: `string`, `int`

error[E0599]: no method named `unknown` found for struct `ChildPropertiesBuilder<ChildPropertiesBuilderStep_missing_required_prop_int>` in the current scope
  --> $DIR/html-component-fail.rs:77:20
   |
5  | #[derive(Clone, Properties, PartialEq)]
   |                 ---------- method `unknown` not found for this
...
77 |     html! { <Child unknown="unknown" /> };
   |                    ^^^^^^^ method not found in `ChildPropertiesBuilder<ChildPropertiesBuilderStep_missing_required_prop_int>`

error[E0277]: the trait bound `yew::virtual_dom::vcomp::VComp: yew::virtual_dom::Transformer<(), std::string::String>` is not satisfied
  --> $DIR/html-component-fail.rs:80:33
   |
80 |     html! { <Child int=1 string={} /> };
   |                                 ^^ the trait `yew::virtual_dom::Transformer<(), std::string::String>` is not implemented for `yew::virtual_dom::vcomp::VComp`
   |
   = help: the following implementations were found:
             <yew::virtual_dom::vcomp::VComp as yew::virtual_dom::Transformer<&'a T, T>>
             <yew::virtual_dom::vcomp::VComp as yew::virtual_dom::Transformer<&'a T, std::option::Option<T>>>
             <yew::virtual_dom::vcomp::VComp as yew::virtual_dom::Transformer<&'a str, std::option::Option<std::string::String>>>
             <yew::virtual_dom::vcomp::VComp as yew::virtual_dom::Transformer<&'a str, std::string::String>>
           and 3 others
   = note: required by `yew::virtual_dom::Transformer::transform`

error[E0277]: the trait bound `yew::virtual_dom::vcomp::VComp: yew::virtual_dom::Transformer<{integer}, std::string::String>` is not satisfied
  --> $DIR/html-component-fail.rs:81:33
   |
81 |     html! { <Child int=1 string=3 /> };
   |                                 ^ the trait `yew::virtual_dom::Transformer<{integer}, std::string::String>` is not implemented for `yew::virtual_dom::vcomp::VComp`
   |
   = help: the following implementations were found:
             <yew::virtual_dom::vcomp::VComp as yew::virtual_dom::Transformer<&'a T, T>>
             <yew::virtual_dom::vcomp::VComp as yew::virtual_dom::Transformer<&'a T, std::option::Option<T>>>
             <yew::virtual_dom::vcomp::VComp as yew::virtual_dom::Transformer<&'a str, std::option::Option<std::string::String>>>
             <yew::virtual_dom::vcomp::VComp as yew::virtual_dom::Transformer<&'a str, std::string::String>>
           and 3 others
   = note: required by `yew::virtual_dom::Transformer::transform`

error[E0277]: the trait bound `yew::virtual_dom::vcomp::VComp: yew::virtual_dom::Transformer<{integer}, std::string::String>` is not satisfied
  --> $DIR/html-component-fail.rs:82:33
   |
82 |     html! { <Child int=1 string={3} /> };
   |                                 ^^^ the trait `yew::virtual_dom::Transformer<{integer}, std::string::String>` is not implemented for `yew::virtual_dom::vcomp::VComp`
   |
   = help: the following implementations were found:
             <yew::virtual_dom::vcomp::VComp as yew::virtual_dom::Transformer<&'a T, T>>
             <yew::virtual_dom::vcomp::VComp as yew::virtual_dom::Transformer<&'a T, std::option::Option<T>>>
             <yew::virtual_dom::vcomp::VComp as yew::virtual_dom::Transformer<&'a str, std::option::Option<std::string::String>>>
             <yew::virtual_dom::vcomp::VComp as yew::virtual_dom::Transformer<&'a str, std::string::String>>
           and 3 others
   = note: required by `yew::virtual_dom::Transformer::transform`

error[E0308]: mismatched types
  --> $DIR/html-component-fail.rs:83:30
   |
83 |     html! { <Child int=1 ref=() /> };
   |                              ^^ expected struct `yew::html::NodeRef`, found `()`

error[E0277]: the trait bound `yew::virtual_dom::vcomp::VComp: yew::virtual_dom::Transformer<u32, i32>` is not satisfied
  --> $DIR/html-component-fail.rs:85:24
   |
85 |     html! { <Child int=0u32 /> };
   |                        ^^^^ the trait `yew::virtual_dom::Transformer<u32, i32>` is not implemented for `yew::virtual_dom::vcomp::VComp`
   |
   = help: the following implementations were found:
             <yew::virtual_dom::vcomp::VComp as yew::virtual_dom::Transformer<&'a T, T>>
             <yew::virtual_dom::vcomp::VComp as yew::virtual_dom::Transformer<&'a T, std::option::Option<T>>>
             <yew::virtual_dom::vcomp::VComp as yew::virtual_dom::Transformer<&'a str, std::option::Option<std::string::String>>>
             <yew::virtual_dom::vcomp::VComp as yew::virtual_dom::Transformer<&'a str, std::string::String>>
           and 3 others
   = note: required by `yew::virtual_dom::Transformer::transform`

error[E0599]: no method named `string` found for struct `ChildPropertiesBuilder<ChildPropertiesBuilderStep_missing_required_prop_int>` in the current scope
  --> $DIR/html-component-fail.rs:86:20
   |
5  | #[derive(Clone, Properties, PartialEq)]
   |                 ---------- method `string` not found for this
...
86 |     html! { <Child string="abc" /> };
   |                    ^^^^^^ method not found in `ChildPropertiesBuilder<ChildPropertiesBuilderStep_missing_required_prop_int>`
   |
   = help: items from traits can only be used if the trait is implemented and in scope
   = note: the following trait defines an item `string`, perhaps you need to implement it:
           candidate #1: `proc_macro::bridge::server::Literal`

error[E0609]: no field `children` on type `ChildProperties`
  --> $DIR/html-component-fail.rs:90:14
   |
90 |     html! { <Child>{ "Not allowed" }</Child> };
   |              ^^^^^ unknown field
   |
   = note: available fields are: `string`, `int`

error[E0599]: no method named `children` found for struct `ChildPropertiesBuilder<ChildPropertiesBuilderStep_missing_required_prop_int>` in the current scope
  --> $DIR/html-component-fail.rs:90:14
   |
5  | #[derive(Clone, Properties, PartialEq)]
   |                 ---------- method `children` not found for this
...
90 |     html! { <Child>{ "Not allowed" }</Child> };
   |              ^^^^^ method not found in `ChildPropertiesBuilder<ChildPropertiesBuilderStep_missing_required_prop_int>`

error[E0609]: no field `children` on type `ChildProperties`
  --> $DIR/html-component-fail.rs:94:10
   |
94 |         <Child with ChildProperties { string: "hello".to_owned(), int: 5 }>
   |          ^^^^^ unknown field
   |
   = note: available fields are: `string`, `int`

error[E0599]: no method named `build` found for struct `ChildContainerPropertiesBuilder<ChildContainerPropertiesBuilderStep_missing_required_prop_children>` in the current scope
  --> $DIR/html-component-fail.rs:99:14
   |
25 | #[derive(PartialEq, Properties)]
   |                     ---------- method `build` not found for this
...
99 |     html! { <ChildContainer /> };
   |              ^^^^^^^^^^^^^^ method not found in `ChildContainerPropertiesBuilder<ChildContainerPropertiesBuilderStep_missing_required_prop_children>`
   |
   = help: items from traits can only be used if the trait is implemented and in scope
   = note: the following trait defines an item `build`, perhaps you need to implement it:
           candidate #1: `proc_macro::bridge::server::TokenStreamBuilder`

error[E0599]: no method named `build` found for struct `ChildContainerPropertiesBuilder<ChildContainerPropertiesBuilderStep_missing_required_prop_children>` in the current scope
   --> $DIR/html-component-fail.rs:100:14
    |
25  | #[derive(PartialEq, Properties)]
    |                     ---------- method `build` not found for this
...
100 |     html! { <ChildContainer></ChildContainer> };
    |              ^^^^^^^^^^^^^^ method not found in `ChildContainerPropertiesBuilder<ChildContainerPropertiesBuilderStep_missing_required_prop_children>`
    |
    = help: items from traits can only be used if the trait is implemented and in scope
    = note: the following trait defines an item `build`, perhaps you need to implement it:
            candidate #1: `proc_macro::bridge::server::TokenStreamBuilder`

error[E0277]: the trait bound `yew::virtual_dom::vcomp::VChild<Child>: std::convert::From<yew::virtual_dom::vtext::VText>` is not satisfied
   --> $DIR/html-component-fail.rs:101:31
    |
101 |     html! { <ChildContainer>{ "Not allowed" }</ChildContainer> };
    |                               ^^^^^^^^^^^^^ the trait `std::convert::From<yew::virtual_dom::vtext::VText>` is not implemented for `yew::virtual_dom::vcomp::VChild<Child>`
    |
    = note: required because of the requirements on the impl of `std::convert::Into<yew::virtual_dom::vcomp::VChild<Child>>` for `yew::virtual_dom::vtext::VText`
    = note: required by `std::convert::Into::into`

error[E0277]: the trait bound `yew::virtual_dom::vcomp::VChild<Child>: std::convert::From<yew::virtual_dom::vnode::VNode>` is not satisfied
   --> $DIR/html-component-fail.rs:102:29
    |
102 |     html! { <ChildContainer><></></ChildContainer> };
    |                             ^ the trait `std::convert::From<yew::virtual_dom::vnode::VNode>` is not implemented for `yew::virtual_dom::vcomp::VChild<Child>`
    |
    = note: required because of the requirements on the impl of `std::convert::Into<yew::virtual_dom::vcomp::VChild<Child>>` for `yew::virtual_dom::vnode::VNode`
    = note: required by `std::convert::Into::into`

error[E0277]: the trait bound `yew::virtual_dom::vcomp::VChild<Child>: std::convert::From<yew::virtual_dom::vnode::VNode>` is not satisfied
   --> $DIR/html-component-fail.rs:103:30
    |
103 |     html! { <ChildContainer><other /></ChildContainer> };
    |                              ^^^^^ the trait `std::convert::From<yew::virtual_dom::vnode::VNode>` is not implemented for `yew::virtual_dom::vcomp::VChild<Child>`
    |
    = note: required because of the requirements on the impl of `std::convert::Into<yew::virtual_dom::vcomp::VChild<Child>>` for `yew::virtual_dom::vnode::VNode`
    = note: required by `std::convert::Into::into`
